PS C:\Activos Fijos\sprintespecial-con ia\movil> flutter build apk --debug
Support for Android x86 targets will be removed in the next stable
release after 3.27. See https://github.com/flutter/flutter/issues/157543
for details.
lib/screens/mantenimiento/mantenimiento_screen.dart:131:60: Error: Member not found: 'checkCircle'.
                              icon: const Icon(LucideIcons.checkCircle), 
                                                           ^^^^^^^^^^^   
Target kernel_snapshot_program failed: Exception


FAILURE: Build failed with an exception.

* What went wrong:
Execution failed for task ':app:compileFlutterBuildDebug'.
> Process 'command 'C:\flutter\bin\flutter.bat'' finished with non-zero exit value 1

* Try:
> Run with --stacktrace option to get the stack trace.
> Run with --info or --debug option to get more log output.
> Run with --scan to get full insights.
> Get more help at https://help.gradle.org.

BUILD FAILED in 14s
Running Gradle task 'assembleDebug'...                             15,4s 
Gradle task assembleDebug failed with exit code 1
PS C:\Activos Fijos\sprintespecial-con ia\movil> 